<?xml version="1.0" encoding="UTF-8"?>
<!-- Generated by org.testng.reporters.JUnitReportReporter -->
<testsuite hostname="Suji" failures="0" tests="1" name="Academy.ValidateNavigationBarTest" time="0.762" errors="0" timestamp="2021-08-26T13:35:23 AEST" skipped="0">
  <testcase classname="Academy.ValidateNavigationBarTest" name="basePageNavigation" time="0.762"/>
  <system-out/>
</testsuite> <!-- Academy.ValidateNavigationBarTest -->
