<?xml version="1.0" encoding="UTF-8"?>
<!-- Generated by org.testng.reporters.JUnitReportReporter -->
<testsuite hostname="Suji" failures="0" tests="1" name="Academy.ValidateTitleTest" time="0.579" errors="0" timestamp="2021-08-26T13:35:23 AEST" skipped="0">
  <testcase classname="Academy.ValidateTitleTest" name="basePageNavigation" time="0.579"/>
  <system-out/>
</testsuite> <!-- Academy.ValidateTitleTest -->
